#
# A fatal error has been detected by the Java Runtime Environment:
#
#  EXCEPTION_ACCESS_VIOLATION (0xc0000005) at pc=0x00007ff92c256a17, pid=11360, tid=13660
#
# JRE version: OpenJDK Runtime Environment (23.0.1+11) (build 23.0.1+11-39)
# Java VM: OpenJDK 64-Bit Server VM (23.0.1+11-39, mixed mode, sharing, tiered, compressed oops, compressed class ptrs, g1 gc, windows-amd64)
# Problematic frame:
# C  [glass.dll+0x26a17]
#
# No core dump will be written. Minidumps are not enabled by default on client versions of Windows
#
# If you would like to submit a bug report, please visit:
#   https://bugreport.java.com/bugreport/crash.jsp
#

---------------  S U M M A R Y ------------

Command Line: -Dfile.encoding=UTF-8 -Duser.country=RU -Duser.language=ru -Duser.variant org.mainchat.LauncherApp

Host: Intel(R) Core(TM) i5-4690 CPU @ 3.50GHz, 4 cores, 15G,  Windows 10 , 64 bit Build 19041 (10.0.19041.5198)
Time: Sat Jan 18 23:07:14 2025 RTZ 2 (s 10 , 64 bit Build 19041 (10.0.19041.5198) elapsed time: 65.004813 seconds (0d 0h 1m 5s)

---------------  T H R E A D  ---------------

Current thread (0x00000252ff474f10):  VMThread "VM Thread"          [id=13660, stack(0x000000d047100000,0x000000d047200000) (1024K)]

Stack: [0x000000d047100000,0x000000d047200000],  sp=0x000000d0471ff260,  free space=1020k
Native frames: (J=compiled Java code, j=interpreted, Vv=VM code, C=native code)
C  [glass.dll+0x26a17]  (no source info available)
C  [ucrtbase.dll+0x142d6]  (no source info available)
C  [ucrtbase.dll+0x141fb]  (no source info available)
C  [ucrtbase.dll+0x141b4]  (no source info available)
C  [glass.dll+0x241ed]  (no source info available)
C  [glass.dll+0x24312]  (no source info available)
C  [ntdll.dll+0x19a1d]  (no source info available)
C  [ntdll.dll+0x5f1ca]  (no source info available)
C  [ntdll.dll+0x5ef7d]  (no source info available)
C  [KERNEL32.DLL+0x1e3eb]  (no source info available)
C  [ucrtbase.dll+0x205bc]  (no source info available)
C  [ucrtbase.dll+0x2045f]  (no source info available)
V  [jvm.dll+0x6d990c]  (no source info available)
V  [jvm.dll+0x6d9440]  (no source info available)
V  [jvm.dll+0x3da534]  (no source info available)
V  [jvm.dll+0x886720]  (no source info available)
V  [jvm.dll+0x887a47]  (no source info available)
V  [jvm.dll+0x887f78]  (no source info available)
V  [jvm.dll+0x888213]  (no source info available)
V  [jvm.dll+0x824f8b]  (no source info available)
V  [jvm.dll+0x6df065]  (no source info available)
C  [ucrtbase.dll+0x21bb2]  (no source info available)
C  [KERNEL32.DLL+0x17374]  (no source info available)
C  [ntdll.dll+0x4cc91]  (no source info available)


siginfo: EXCEPTION_ACCESS_VIOLATION (0xc0000005), reading address 0x0000000000000000


Registers:
RAX=0x0000000000000000, RBX=0x00000252ff479fba, RCX=0x00000252ff474f10, RDX=0x000000d0471ff260
RSP=0x000000d0471ff260, RBP=0x00000252c8031da8, RSI=0x00000252c8031d80, RDI=0x0000077145dc1633
R8 =0x0000000000010002, R9 =0x0000077145dc1633, R10=0x0000000000008000, R11=0x000000d0471ff1f0
R12=0x00007ff92c254360, R13=0x00007ff9216fb760, R14=0x000000d0471ff358, R15=0x00000252c8031d80
RIP=0x00007ff92c256a17, EFLAGS=0x0000000000010202


Register to memory mapping:

RAX=0x0 is null
RBX=0x00000252ff479fba is a global jni handle
RCX=0x00000252ff474f10 points into unknown readable memory: 0x00007ff9214ff688 | 88 f6 4f 21 f9 7f 00 00
RDX=0x000000d0471ff260 points into unknown readable memory: 0x0000000000000000 | 00 00 00 00 00 00 00 00
RSP=0x000000d0471ff260 points into unknown readable memory: 0x0000000000000000 | 00 00 00 00 00 00 00 00
RBP=0x00000252c8031da8 points into unknown readable memory: 0x0000077145dc1633 | 33 16 dc 45 71 07 00 00
RSI=0x00000252c8031d80 points into unknown readable memory: 0xf3c00772ba15771a | 1a 77 15 ba 72 07 c0 f3
RDI=0x0000077145dc1633 is an unknown value
R8 =0x0000000000010002 is an unknown value
R9 =0x0000077145dc1633 is an unknown value
R10=0x0000000000008000 is an unknown value
R11=0x000000d0471ff1f0 points into unknown readable memory: 0x00000252c8031d80 | 80 1d 03 c8 52 02 00 00
R12=0x00007ff92c254360 glass.dll
R13=0x00007ff9216fb760 jvm.dll
R14=0x000000d0471ff358 points into unknown readable memory: 0x000000d0471ff340 | 40 f3 1f 47 d0 00 00 00
R15=0x00000252c8031d80 points into unknown readable memory: 0xf3c00772ba15771a | 1a 77 15 ba 72 07 c0 f3

Top of Stack: (sp=0x000000d0471ff260)
0x000000d0471ff260:   0000000000000000 00000252c8031d80
0x000000d0471ff270:   00007ff9216fb760 00007ff92c254360
0x000000d0471ff280:   00000252c8031d88 00007ff9599b42d6
0x000000d0471ff290:   0000077145dc1633 0000025200000000
0x000000d0471ff2a0:   00000252c8031da8 00000252c8031d80
0x000000d0471ff2b0:   fffffffffffffffe 0000000000000000
0x000000d0471ff2c0:   0000000000000001 00007ff92c230000
0x000000d0471ff2d0:   000000d0471ff348 00007ff9599b41fb
0x000000d0471ff2e0:   0000000000000000 000000d0471ff358
0x000000d0471ff2f0:   000000d0471ff630 00007ff959a90e40
0x000000d0471ff300:   0000000000000001 00007ff9599b41b4
0x000000d0471ff310:   0000000000000000 0000000000000001
0x000000d0471ff320:   00007ff9216fb760 000000d0471ff348
0x000000d0471ff330:   0000000000000001 00007ff92c2541ed
0x000000d0471ff340:   00007ff92c26a008 0000000000000002
0x000000d0471ff350:   0000000000000002 000000d0471ff340
0x000000d0471ff360:   0000000000000000 00007ff95c449993
0x000000d0471ff370:   0000000000000000 00007ff92c254312
0x000000d0471ff380:   0000000000000001 0000000000000000
0x000000d0471ff390:   0000000000000001 0000000000000001
0x000000d0471ff3a0:   0000000000000000 00007ff95c2b236a
0x000000d0471ff3b0:   0000000000000001 00007ff9580d0000
0x000000d0471ff3c0:   00007ff92c230000 000000007ffe0384
0x000000d0471ff3d0:   0000000000000000 00007ff95c449a1d
0x000000d0471ff3e0:   00007ff92c230000 0000000000000000
0x000000d0471ff3f0:   0000000000000001 000000007ffe0385
0x000000d0471ff400:   0000000000000000 00007ff95c48f331
0x000000d0471ff410:   0000a7156063e300 0000000000000014
0x000000d0471ff420:   00007ff92c254360 0000000000000000
0x000000d0471ff430:   0000000000000000 000000d046698000
0x000000d0471ff440:   00000252c8045f70 00007ff95c48f1ca
0x000000d0471ff450:   00000252c8045110 00007ff92c230000 

Instructions: (pc=0x00007ff92c256a17)
0x00007ff92c256917:   8b 4d 58 e8 8d cf ff ff 48 8b 4d 60 e8 84 cf ff
0x00007ff92c256927:   ff 48 8b 95 80 00 00 00 48 8b 8d 18 01 00 00 e8
0x00007ff92c256937:   76 c4 ff ff 33 d2 33 c9 e8 cc e1 ff ff 90 48 89
0x00007ff92c256947:   54 24 10 55 48 83 ec 20 48 8b ea 48 b8 00 00 00
0x00007ff92c256957:   00 00 00 00 00 48 83 c4 20 5d c3 cc 40 55 48 8b
0x00007ff92c256967:   ea 48 8b 01 33 c9 81 38 05 00 00 c0 0f 94 c1 8b
0x00007ff92c256977:   c1 5d c3 cc 40 55 48 83 ec 20 48 8b ea 8a 4d 40
0x00007ff92c256987:   48 83 c4 20 5d e9 73 d3 ff ff cc 40 55 48 83 ec
0x00007ff92c256997:   20 48 8b ea 8a 4d 20 e8 61 d3 ff ff 90 48 83 c4
0x00007ff92c2569a7:   20 5d c3 cc 40 55 48 83 ec 20 48 8b ea 48 83 c4
0x00007ff92c2569b7:   20 5d e9 c2 d1 ff ff cc 40 55 48 83 ec 30 48 8b
0x00007ff92c2569c7:   ea 48 8b 01 8b 10 48 89 4c 24 28 89 54 24 20 4c
0x00007ff92c2569d7:   8d 0d 63 d6 ff ff 4c 8b 45 70 8b 55 68 48 8b 4d
0x00007ff92c2569e7:   60 e8 03 d1 ff ff 90 48 83 c4 30 5d c3 cc cc cc
0x00007ff92c2569f7:   cc cc cc cc cc cc cc cc cc 40 53 48 83 ec 20 48
0x00007ff92c256a07:   8b 1d fb 2f 01 00 48 85 db 74 16 e8 89 8f ff ff
0x00007ff92c256a17:   4c 8b 00 48 8b d3 48 8b c8 41 ff 90 b0 00 00 00
0x00007ff92c256a27:   90 48 83 c4 20 5b c3 cc cc 40 53 48 83 ec 20 48
0x00007ff92c256a37:   8b 1d 6b 31 01 00 48 85 db 74 57 b8 ff ff ff ff
0x00007ff92c256a47:   f0 0f c1 43 10 83 f8 01 75 3d 48 85 db 74 38 48
0x00007ff92c256a57:   8b 0b 48 85 c9 74 0d ff 15 44 08 00 00 48 c7 03
0x00007ff92c256a67:   00 00 00 00 48 8b 4b 08 48 85 c9 74 0d e8 33 ce
0x00007ff92c256a77:   ff ff 48 c7 43 08 00 00 00 00 ba 18 00 00 00 48
0x00007ff92c256a87:   8b cb e8 1e ce ff ff 48 c7 05 0f 31 01 00 00 00
0x00007ff92c256a97:   00 00 48 83 c4 20 5b c3 cc 40 53 48 83 ec 20 48
0x00007ff92c256aa7:   8b 1d db 30 01 00 48 85 db 74 57 b8 ff ff ff ff
0x00007ff92c256ab7:   f0 0f c1 43 10 83 f8 01 75 3d 48 85 db 74 38 48
0x00007ff92c256ac7:   8b 0b 48 85 c9 74 0d ff 15 d4 07 00 00 48 c7 03
0x00007ff92c256ad7:   00 00 00 00 48 8b 4b 08 48 85 c9 74 0d e8 c3 cd
0x00007ff92c256ae7:   ff ff 48 c7 43 08 00 00 00 00 ba 18 00 00 00 48
0x00007ff92c256af7:   8b cb e8 ae cd ff ff 48 c7 05 7f 30 01 00 00 00
0x00007ff92c256b07:   00 00 48 83 c4 20 5b c3 cc 40 53 48 83 ec 20 48 


Stack slot to memory mapping:

stack at sp + 0 slots: 0x0 is null
stack at sp + 1 slots: 0x00000252c8031d80 points into unknown readable memory: 0xf3c00772ba15771a | 1a 77 15 ba 72 07 c0 f3
stack at sp + 2 slots: 0x00007ff9216fb760 jvm.dll
stack at sp + 3 slots: 0x00007ff92c254360 glass.dll
stack at sp + 4 slots: 0x00000252c8031d88 points into unknown readable memory: 0x0000077145dc1633 | 33 16 dc 45 71 07 00 00
stack at sp + 5 slots: 0x00007ff9599b42d6 ucrtbase.dll
stack at sp + 6 slots: 0x0000077145dc1633 is an unknown value
stack at sp + 7 slots: 0x0000025200000000 is an unknown value

VM_Operation (0x000000d0480fb7f0): Exit, mode: safepoint, requested by thread 0x00000252c8033b90


---------------  P R O C E S S  ---------------

Threads class SMR info:
_java_thread_list=0x00000252c8a017f0, length=18, elements={
0x00000252e06f82f0, 0x00000252ff491810, 0x00000252ff4928e0, 0x00000252ff495a20,
0x00000252ff498490, 0x00000252ff499840, 0x00000252ff49bc20, 0x00000252ff4a0140,
0x00000252ff4d3ca0, 0x00000252c711c0e0, 0x00000252c7121f80, 0x00000252c7212a90,
0x00000252c804bd70, 0x00000252c8032ca0, 0x00000252c8033b90, 0x00000252c7d32480,
0x00000252ce09fad0, 0x00000252c83a8890
}

Java Threads: ( => current thread )
  0x00000252e06f82f0 JavaThread "main"                              [_thread_blocked, id=11904, stack(0x000000d046900000,0x000000d046a00000) (1024K)]
  0x00000252ff491810 JavaThread "Reference Handler"          daemon [_thread_blocked, id=11080, stack(0x000000d047200000,0x000000d047300000) (1024K)]
  0x00000252ff4928e0 JavaThread "Finalizer"                  daemon [_thread_blocked, id=2572, stack(0x000000d047300000,0x000000d047400000) (1024K)]
  0x00000252ff495a20 JavaThread "Signal Dispatcher"          daemon [_thread_blocked, id=2456, stack(0x000000d047400000,0x000000d047500000) (1024K)]
  0x00000252ff498490 JavaThread "Attach Listener"            daemon [_thread_blocked, id=8984, stack(0x000000d047500000,0x000000d047600000) (1024K)]
  0x00000252ff499840 JavaThread "Service Thread"             daemon [_thread_blocked, id=13344, stack(0x000000d047600000,0x000000d047700000) (1024K)]
  0x00000252ff49bc20 JavaThread "Monitor Deflation Thread"   daemon [_thread_blocked, id=7788, stack(0x000000d047700000,0x000000d047800000) (1024K)]
  0x00000252ff4a0140 JavaThread "C2 CompilerThread0"         daemon [_thread_blocked, id=3780, stack(0x000000d047800000,0x000000d047900000) (1024K)]
  0x00000252ff4d3ca0 JavaThread "C1 CompilerThread0"         daemon [_thread_blocked, id=468, stack(0x000000d047900000,0x000000d047a00000) (1024K)]
  0x00000252c711c0e0 JavaThread "Notification Thread"        daemon [_thread_blocked, id=11424, stack(0x000000d047a00000,0x000000d047b00000) (1024K)]
  0x00000252c7121f80 JavaThread "Common-Cleaner"             daemon [_thread_blocked, id=12324, stack(0x000000d047b00000,0x000000d047c00000) (1024K)]
  0x00000252c7212a90 JavaThread "JavaFX-Launcher"                   [_thread_blocked, id=11604, stack(0x000000d047c00000,0x000000d047d00000) (1024K)]
  0x00000252c804bd70 JavaThread "QuantumRenderer-0"          daemon [_thread_blocked, id=10696, stack(0x000000d047e00000,0x000000d047f00000) (1024K)]
  0x00000252c8032ca0 JavaThread "InvokeLaterDispatcher"      daemon [_thread_blocked, id=7324, stack(0x000000d047f00000,0x000000d048000000) (1024K)]
  0x00000252c8033b90 JavaThread "JavaFX Application Thread"         [_thread_blocked, id=6424, stack(0x000000d048000000,0x000000d048100000) (1024K)]
  0x00000252c7d32480 JavaThread "Thread-2"                   daemon [_thread_in_native, id=4220, stack(0x000000d048700000,0x000000d048800000) (1024K)]
  0x00000252ce09fad0 JavaThread "Prism Font Disposer"        daemon [_thread_blocked, id=6768, stack(0x000000d048c00000,0x000000d048d00000) (1024K)]
  0x00000252c83a8890 JavaThread "Cleaner-0"                  daemon [_thread_blocked, id=13340, stack(0x000000d048d00000,0x000000d048e00000) (1024K)]
Total: 18

Other Threads:
=>0x00000252ff474f10 VMThread "VM Thread"                           [id=13660, stack(0x000000d047100000,0x000000d047200000) (1024K)]
  0x00000252e29a43b0 WorkerThread "GC Thread#0"                     [id=11656, stack(0x000000d046b00000,0x000000d046c00000) (1024K)]
  0x00000252c7c04b00 WorkerThread "GC Thread#1"                     [id=9672, stack(0x000000d048400000,0x000000d048500000) (1024K)]
  0x00000252c7ccaf40 WorkerThread "GC Thread#2"                     [id=8016, stack(0x000000d048500000,0x000000d048600000) (1024K)]
  0x00000252c7ccb2f0 WorkerThread "GC Thread#3"                     [id=14380, stack(0x000000d048600000,0x000000d048700000) (1024K)]
  0x00000252e29b90e0 ConcurrentGCThread "G1 Main Marker"            terminated
  0x00000252e29bbdc0 WorkerThread "G1 Conc#0"                       [id=8428, stack(0x000000d046d00000,0x000000d046e00000) (1024K)]
  0x00000252ff3340e0 ConcurrentGCThread "G1 Refine#0"               terminated
  0x00000252ff336ad0 ConcurrentGCThread "G1 Service"                terminated
Total: 9

Threads with active compile tasks:
C2 CompilerThread0  65278 4905       4       java.lang.invoke.MethodHandle::<init> (37 bytes)
Total: 1

VM state: at safepoint (shutting down)

VM Mutex/Monitor currently owned by a thread:  ([mutex/lock_event])
[0x00007ff9216d3910] Threads_lock - owner thread: 0x00000252ff474f10
[0x00007ff9216d3a10] Heap_lock - owner thread: 0x00000252c8033b90

Heap address: 0x0000000702800000, size: 4056 MB, Compressed Oops mode: Zero based, Oop shift amount: 3

CDS archive(s) mapped at: [0x0000025282000000-0x0000025282d70000-0x0000025282d70000), size 14090240, SharedBaseAddress: 0x0000025282000000, ArchiveRelocationMode: 1.
Compressed class space mapped at: 0x0000025283000000-0x00000252c3000000, reserved size: 1073741824
Narrow klass base: 0x0000025282000000, Narrow klass shift: 0, Narrow klass range: 0x41000000

GC Precious Log:
 CardTable entry size: 512
 Card Set container configuration: InlinePtr #cards 4 size 8 Array Of Cards #cards 16 size 48 Howl #buckets 8 coarsen threshold 3686 Howl Bitmap #cards 512 size 80 coarsen threshold 460 Card regions per heap region 1 cards per card region 4096
 CPUs: 4 total, 4 available
 Memory: 16223M
 Large Page Support: Disabled
 NUMA Support: Disabled
 Compressed Oops: Enabled (Zero based)
 Heap Region Size: 2M
 Heap Min Capacity: 8M
 Heap Initial Capacity: 254M
 Heap Max Capacity: 4056M
 Pre-touch: Disabled
 Parallel Workers: 4
 Concurrent Workers: 1
 Concurrent Refinement Workers: 4
 Periodic GC: Disabled

Heap:
 garbage-first heap   total reserved 4153344K, committed 88064K, used 61824K [0x0000000702800000, 0x0000000800000000)
  region size 2048K, 12 young (24576K), 3 survivors (6144K)
 Metaspace       used 30345K, committed 30720K, reserved 1114112K
  class space    used 4313K, committed 4480K, reserved 1048576K

Heap Regions: E=young(eden), S=young(survivor), O=old, HS=humongous(starts), HC=humongous(continues), CS=collection set, F=free, TAMS=top-at-mark-start, PB=parsable bottom
|   0|0x0000000702800000, 0x0000000702a00000, 0x0000000702a00000|100%| O|  |TAMS 0x0000000702800000| PB 0x0000000702800000| Untracked |  0
|   1|0x0000000702a00000, 0x0000000702c00000, 0x0000000702c00000|100%| O|  |TAMS 0x0000000702a00000| PB 0x0000000702a00000| Untracked |  0
|   2|0x0000000702c00000, 0x0000000702e00000, 0x0000000702e00000|100%|HS|  |TAMS 0x0000000702c00000| PB 0x0000000702c00000| Complete |  0
|   3|0x0000000702e00000, 0x0000000702e8b708, 0x0000000703000000| 27%| O|  |TAMS 0x0000000702e00000| PB 0x0000000702e00000| Untracked |  0
|   4|0x0000000703000000, 0x0000000703200000, 0x0000000703200000|100%|HS|  |TAMS 0x0000000703000000| PB 0x0000000703000000| Complete |  0
|   5|0x0000000703200000, 0x0000000703400000, 0x0000000703400000|100%| O|  |TAMS 0x0000000703200000| PB 0x0000000703200000| Untracked |  0
|   6|0x0000000703400000, 0x0000000703600000, 0x0000000703600000|100%| O|Cm|TAMS 0x0000000703400000| PB 0x0000000703400000| Complete |  0
|   7|0x0000000703600000, 0x0000000703800000, 0x0000000703800000|100%| O|  |TAMS 0x0000000703600000| PB 0x0000000703600000| Untracked |  1
|   8|0x0000000703800000, 0x0000000703a00000, 0x0000000703a00000|100%|HS|  |TAMS 0x0000000703800000| PB 0x0000000703800000| Complete |  0
|   9|0x0000000703a00000, 0x0000000703c00000, 0x0000000703c00000|100%|HS|  |TAMS 0x0000000703a00000| PB 0x0000000703a00000| Complete |  0
|  10|0x0000000703c00000, 0x0000000703e00000, 0x0000000703e00000|100%| O|  |TAMS 0x0000000703c00000| PB 0x0000000703c00000| Untracked |  0
|  11|0x0000000703e00000, 0x0000000704000000, 0x0000000704000000|100%| S|CS|TAMS 0x0000000703e00000| PB 0x0000000703e00000| Complete |  0
|  12|0x0000000704000000, 0x0000000704200000, 0x0000000704200000|100%| S|CS|TAMS 0x0000000704000000| PB 0x0000000704000000| Complete |  0
|  13|0x0000000704200000, 0x0000000704400000, 0x0000000704400000|100%| S|CS|TAMS 0x0000000704200000| PB 0x0000000704200000| Complete |  0
|  14|0x0000000704400000, 0x0000000704600000, 0x0000000704600000|100%|HS|  |TAMS 0x0000000704400000| PB 0x0000000704400000| Complete |  0
|  15|0x0000000704600000, 0x0000000704600000, 0x0000000704800000|  0%| F|  |TAMS 0x0000000704600000| PB 0x0000000704600000| Untracked |  0
|  16|0x0000000704800000, 0x0000000704800000, 0x0000000704a00000|  0%| F|  |TAMS 0x0000000704800000| PB 0x0000000704800000| Untracked |  0
|  17|0x0000000704a00000, 0x0000000704a00000, 0x0000000704c00000|  0%| F|  |TAMS 0x0000000704a00000| PB 0x0000000704a00000| Untracked |  0
|  18|0x0000000704c00000, 0x0000000704c00000, 0x0000000704e00000|  0%| F|  |TAMS 0x0000000704c00000| PB 0x0000000704c00000| Untracked |  0
|  19|0x0000000704e00000, 0x0000000704e00000, 0x0000000705000000|  0%| F|  |TAMS 0x0000000704e00000| PB 0x0000000704e00000| Untracked |  0
|  20|0x0000000705000000, 0x0000000705000000, 0x0000000705200000|  0%| F|  |TAMS 0x0000000705000000| PB 0x0000000705000000| Untracked |  0
|  21|0x0000000705200000, 0x0000000705200000, 0x0000000705400000|  0%| F|  |TAMS 0x0000000705200000| PB 0x0000000705200000| Untracked |  0
|  22|0x0000000705400000, 0x0000000705400000, 0x0000000705600000|  0%| F|  |TAMS 0x0000000705400000| PB 0x0000000705400000| Untracked |  0
|  23|0x0000000705600000, 0x0000000705600000, 0x0000000705800000|  0%| F|  |TAMS 0x0000000705600000| PB 0x0000000705600000| Untracked |  0
|  24|0x0000000705800000, 0x0000000705800000, 0x0000000705a00000|  0%| F|  |TAMS 0x0000000705800000| PB 0x0000000705800000| Untracked |  0
|  25|0x0000000705a00000, 0x0000000705be50a0, 0x0000000705c00000| 94%| E|  |TAMS 0x0000000705a00000| PB 0x0000000705a00000| Complete |  0
|  26|0x0000000705c00000, 0x0000000705e00000, 0x0000000705e00000|100%| E|CS|TAMS 0x0000000705c00000| PB 0x0000000705c00000| Complete |  0
|  27|0x0000000705e00000, 0x0000000706000000, 0x0000000706000000|100%| E|CS|TAMS 0x0000000705e00000| PB 0x0000000705e00000| Complete |  0
|  28|0x0000000706000000, 0x0000000706200000, 0x0000000706200000|100%| E|CS|TAMS 0x0000000706000000| PB 0x0000000706000000| Complete |  0
|  29|0x0000000706200000, 0x0000000706400000, 0x0000000706400000|100%| E|CS|TAMS 0x0000000706200000| PB 0x0000000706200000| Complete |  0
|  30|0x0000000706400000, 0x0000000706600000, 0x0000000706600000|100%| E|  |TAMS 0x0000000706400000| PB 0x0000000706400000| Complete |  0
| 115|0x0000000710e00000, 0x0000000711000000, 0x0000000711000000|100%| E|CS|TAMS 0x0000000710e00000| PB 0x0000000710e00000| Complete |  0
| 116|0x0000000711000000, 0x0000000711200000, 0x0000000711200000|100%| E|CS|TAMS 0x0000000711000000| PB 0x0000000711000000| Complete |  0
| 126|0x0000000712400000, 0x0000000712600000, 0x0000000712600000|100%| E|CS|TAMS 0x0000000712400000| PB 0x0000000712400000| Complete |  0
|2019|0x00000007fee00000, 0x00000007fefd4c30, 0x00000007ff000000| 91%| O|  |TAMS 0x00000007fee00000| PB 0x00000007fee00000| Untracked |  0
|2020|0x00000007ff000000, 0x00000007ff200000, 0x00000007ff200000|100%| O|  |TAMS 0x00000007ff000000| PB 0x00000007ff000000| Untracked |  0
|2021|0x00000007ff200000, 0x00000007ff400000, 0x00000007ff400000|100%| O|  |TAMS 0x00000007ff200000| PB 0x00000007ff200000| Untracked |  0
|2022|0x00000007ff400000, 0x00000007ff600000, 0x00000007ff600000|100%| O|  |TAMS 0x00000007ff400000| PB 0x00000007ff400000| Untracked |  0
|2023|0x00000007ff600000, 0x00000007ff800000, 0x00000007ff800000|100%| O|  |TAMS 0x00000007ff600000| PB 0x00000007ff600000| Untracked |  0
|2024|0x00000007ff800000, 0x00000007ffa00000, 0x00000007ffa00000|100%| O|  |TAMS 0x00000007ff800000| PB 0x00000007ff800000| Untracked |  0
|2025|0x00000007ffa00000, 0x00000007ffc00000, 0x00000007ffc00000|100%| O|  |TAMS 0x00000007ffa00000| PB 0x00000007ffa00000| Untracked |  0
|2026|0x00000007ffc00000, 0x00000007ffe00000, 0x00000007ffe00000|100%| O|  |TAMS 0x00000007ffc00000| PB 0x00000007ffc00000| Untracked |  0
|2027|0x00000007ffe00000, 0x0000000800000000, 0x0000000800000000|100%| O|  |TAMS 0x00000007ffe00000| PB 0x00000007ffe00000| Untracked |  0

Card table byte_map: [0x00000252fa870000,0x00000252fb060000] _byte_map_base: 0x00000252f705c000

Marking Bits: (CMBitMap*) 0x00000252e29a4ac0
 Bits: [0x00000252fb060000, 0x00000252fefc0000)

Polling page: 0x00000252e0910000

Metaspace:

Usage:
  Non-class:     25.42 MB used.
      Class:      4.21 MB used.
       Both:     29.63 MB used.

Virtual space:
  Non-class space:       64.00 MB reserved,      25.62 MB ( 40%) committed,  1 nodes.
      Class space:        1.00 GB reserved,       4.38 MB ( <1%) committed,  1 nodes.
             Both:        1.06 GB reserved,      30.00 MB (  3%) committed. 

Chunk freelists:
   Non-Class:  5.61 MB
       Class:  11.45 MB
        Both:  17.06 MB

MaxMetaspaceSize: unlimited
CompressedClassSpaceSize: 1.00 GB
Initial GC threshold: 21.00 MB
Current GC threshold: 35.56 MB
CDS: on
 - commit_granule_bytes: 65536.
 - commit_granule_words: 8192.
 - virtual_space_node_default_size: 8388608.
 - enlarge_chunks_in_place: 1.
 - use_allocation_guard: 0.


Internal statistics:

num_allocs_failed_limit: 3.
num_arena_births: 332.
num_arena_deaths: 0.
num_vsnodes_births: 2.
num_vsnodes_deaths: 0.
num_space_committed: 480.
num_space_uncommitted: 0.
num_chunks_returned_to_freelist: 3.
num_chunks_taken_from_freelist: 1108.
num_chunk_merges: 0.
num_chunk_splits: 748.
num_chunks_enlarged: 573.
num_inconsistent_stats: 0.

CodeHeap 'non-profiled nmethods': size=120064Kb used=1845Kb max_used=1845Kb free=118219Kb
 bounds [0x00000252f2b40000, 0x00000252f2db0000, 0x00000252fa080000]
CodeHeap 'profiled nmethods': size=120000Kb used=7394Kb max_used=7394Kb free=112605Kb
 bounds [0x00000252eb080000, 0x00000252eb7c0000, 0x00000252f25b0000]
CodeHeap 'non-nmethods': size=5696Kb used=1946Kb max_used=1991Kb free=3749Kb
 bounds [0x00000252f25b0000, 0x00000252f2820000, 0x00000252f2b40000]
CodeCache: size=245760Kb, used=11185Kb, max_used=11230Kb, free=234573Kb
 total_blobs=5850, nmethods=4899, adapters=855, full_count=0
Compilation: enabled, stopped_count=0, restarted_count=0

Compilation events (20 events):
Event: 63.260 Thread 0x00000252ff4d3ca0 nmethod 4895 0x00000252eb7b7708 code [0x00000252eb7b7820, 0x00000252eb7b7970]
Event: 63.388 Thread 0x00000252ff4d3ca0 4896   !   3       com.sun.javafx.tk.quantum.PaintCollector::waitForRenderingToComplete (12 bytes)
Event: 63.388 Thread 0x00000252ff4d3ca0 nmethod 4896 0x00000252eb7b7a08 code [0x00000252eb7b7b40, 0x00000252eb7b7d98]
Event: 64.556 Thread 0x00000252ff4a0140 4897       4       java.util.WeakHashMap::get (75 bytes)
Event: 64.556 Thread 0x00000252ff4d3ca0 4898       1       com.sun.javafx.font.LogicalFont::getFamilyName (5 bytes)
Event: 64.556 Thread 0x00000252ff4d3ca0 nmethod 4898 0x00000252f2d0c308 code [0x00000252f2d0c420, 0x00000252f2d0c4f0]
Event: 64.559 Thread 0x00000252ff4a0140 nmethod 4897 0x00000252f2d0c608 code [0x00000252f2d0c740, 0x00000252f2d0ca70]
Event: 64.631 Thread 0x00000252ff4d3ca0 4899       3       javafx.scene.Node::pseudoClassStateChanged (59 bytes)
Event: 64.631 Thread 0x00000252ff4d3ca0 nmethod 4899 0x00000252eb7b7e08 code [0x00000252eb7b7f80, 0x00000252eb7b8478]
Event: 64.637 Thread 0x00000252ff4a0140 4900       4       java.lang.StringUTF16::length (5 bytes)
Event: 64.637 Thread 0x00000252ff4a0140 nmethod 4900 0x00000252f2d0cb08 code [0x00000252f2d0cc00, 0x00000252f2d0cc80]
Event: 64.638 Thread 0x00000252ff4d3ca0 4901       3       java.nio.Buffer::clear (20 bytes)
Event: 64.638 Thread 0x00000252ff4d3ca0 nmethod 4901 0x00000252eb7b8508 code [0x00000252eb7b8620, 0x00000252eb7b8740]
Event: 64.648 Thread 0x00000252ff4d3ca0 4902       1       javax.management.ObjectName$Property::setKeyIndex (6 bytes)
Event: 64.648 Thread 0x00000252ff4d3ca0 nmethod 4902 0x00000252f2d0ce08 code [0x00000252f2d0cf20, 0x00000252f2d0cfe8]
Event: 64.648 Thread 0x00000252ff4d3ca0 4903       3       javax.management.ObjectName::getDomainLength (9 bytes)
Event: 64.648 Thread 0x00000252ff4d3ca0 nmethod 4903 0x00000252eb7b8808 code [0x00000252eb7b8920, 0x00000252eb7b8a30]
Event: 64.648 Thread 0x00000252ff4a0140 4904       4       java.lang.invoke.LambdaForm::prepare (108 bytes)
Event: 64.649 Thread 0x00000252ff4a0140 nmethod 4904 0x00000252f2d0d108 code [0x00000252f2d0d220, 0x00000252f2d0d320]
Event: 64.650 Thread 0x00000252ff4a0140 4905       4       java.lang.invoke.MethodHandle::<init> (37 bytes)

GC Heap History (10 events):
Event: 0.532 GC heap before
{Heap before GC invocations=0 (full 0):
 garbage-first heap   total reserved 4153344K, committed 260096K, used 12288K [0x0000000702800000, 0x0000000800000000)
  region size 2048K, 7 young (14336K), 0 survivors (0K)
 Metaspace       used 3955K, committed 4096K, reserved 1114112K
  class space    used 389K, committed 448K, reserved 1048576K
}
Event: 0.536 GC heap after
{Heap after GC invocations=1 (full 0):
 garbage-first heap   total reserved 4153344K, committed 260096K, used 2800K [0x0000000702800000, 0x0000000800000000)
  region size 2048K, 1 young (2048K), 1 survivors (2048K)
 Metaspace       used 3955K, committed 4096K, reserved 1114112K
  class space    used 389K, committed 448K, reserved 1048576K
}
Event: 0.786 GC heap before
{Heap before GC invocations=1 (full 0):
 garbage-first heap   total reserved 4153344K, committed 260096K, used 13040K [0x0000000702800000, 0x0000000800000000)
  region size 2048K, 7 young (14336K), 1 survivors (2048K)
 Metaspace       used 7435K, committed 7680K, reserved 1114112K
  class space    used 1036K, committed 1152K, reserved 1048576K
}
Event: 0.791 GC heap after
{Heap after GC invocations=2 (full 0):
 garbage-first heap   total reserved 4153344K, committed 260096K, used 5301K [0x0000000702800000, 0x0000000800000000)
  region size 2048K, 1 young (2048K), 1 survivors (2048K)
 Metaspace       used 7435K, committed 7680K, reserved 1114112K
  class space    used 1036K, committed 1152K, reserved 1048576K
}
Event: 12.763 GC heap before
{Heap before GC invocations=2 (full 0):
 garbage-first heap   total reserved 4153344K, committed 260096K, used 36021K [0x0000000702800000, 0x0000000800000000)
  region size 2048K, 14 young (28672K), 1 survivors (2048K)
 Metaspace       used 13936K, committed 14144K, reserved 1114112K
  class space    used 2212K, committed 2304K, reserved 1048576K
}
Event: 12.769 GC heap after
{Heap after GC invocations=3 (full 0):
 garbage-first heap   total reserved 4153344K, committed 260096K, used 17159K [0x0000000702800000, 0x0000000800000000)
  region size 2048K, 2 young (4096K), 2 survivors (4096K)
 Metaspace       used 13936K, committed 14144K, reserved 1114112K
  class space    used 2212K, committed 2304K, reserved 1048576K
}
Event: 35.485 GC heap before
{Heap before GC invocations=3 (full 0):
 garbage-first heap   total reserved 4153344K, committed 260096K, used 35591K [0x0000000702800000, 0x0000000800000000)
  region size 2048K, 12 young (24576K), 2 survivors (4096K)
 Metaspace       used 21227K, committed 21504K, reserved 1114112K
  class space    used 3108K, committed 3264K, reserved 1048576K
}
Event: 35.491 GC heap after
{Heap after GC invocations=4 (full 0):
 garbage-first heap   total reserved 4153344K, committed 260096K, used 18791K [0x0000000702800000, 0x0000000800000000)
  region size 2048K, 2 young (4096K), 2 survivors (4096K)
 Metaspace       used 21227K, committed 21504K, reserved 1114112K
  class space    used 3108K, committed 3264K, reserved 1048576K
}
Event: 36.354 GC heap before
{Heap before GC invocations=5 (full 0):
 garbage-first heap   total reserved 4153344K, committed 69632K, used 57703K [0x0000000702800000, 0x0000000800000000)
  region size 2048K, 20 young (40960K), 2 survivors (4096K)
 Metaspace       used 29637K, committed 30016K, reserved 1114112K
  class space    used 4206K, committed 4416K, reserved 1048576K
}
Event: 36.369 GC heap after
{Heap after GC invocations=6 (full 0):
 garbage-first heap   total reserved 4153344K, committed 88064K, used 43392K [0x0000000702800000, 0x0000000800000000)
  region size 2048K, 3 young (6144K), 3 survivors (6144K)
 Metaspace       used 29637K, committed 30016K, reserved 1114112K
  class space    used 4206K, committed 4416K, reserved 1048576K
}

Dll operation events (20 events):
Event: 0.363 Loaded shared library C:\Users\alyona\.openjfx\cache\21.0.5+1\amd64\api-ms-win-crt-private-l1-1-0.dll
Event: 0.366 Loaded shared library C:\Users\alyona\.openjfx\cache\21.0.5+1\amd64\api-ms-win-crt-process-l1-1-0.dll
Event: 0.369 Loaded shared library C:\Users\alyona\.openjfx\cache\21.0.5+1\amd64\api-ms-win-crt-runtime-l1-1-0.dll
Event: 0.372 Loaded shared library C:\Users\alyona\.openjfx\cache\21.0.5+1\amd64\api-ms-win-crt-stdio-l1-1-0.dll
Event: 0.375 Loaded shared library C:\Users\alyona\.openjfx\cache\21.0.5+1\amd64\api-ms-win-crt-string-l1-1-0.dll
Event: 0.378 Loaded shared library C:\Users\alyona\.openjfx\cache\21.0.5+1\amd64\api-ms-win-crt-time-l1-1-0.dll
Event: 0.381 Loaded shared library C:\Users\alyona\.openjfx\cache\21.0.5+1\amd64\api-ms-win-crt-utility-l1-1-0.dll
Event: 0.395 Loaded shared library C:\Users\alyona\.openjfx\cache\21.0.5+1\amd64\ucrtbase.dll
Event: 0.401 Loaded shared library C:\Users\alyona\.openjfx\cache\21.0.5+1\amd64\vcruntime140.dll
Event: 0.404 Loaded shared library C:\Users\alyona\.openjfx\cache\21.0.5+1\amd64\vcruntime140_1.dll
Event: 0.411 Loaded shared library C:\Users\alyona\.openjfx\cache\21.0.5+1\amd64\msvcp140.dll
Event: 0.414 Loaded shared library C:\Users\alyona\.openjfx\cache\21.0.5+1\amd64\msvcp140_1.dll
Event: 0.419 Loaded shared library C:\Users\alyona\.openjfx\cache\21.0.5+1\amd64\msvcp140_2.dll
Event: 0.462 Loaded shared library C:\Users\alyona\.openjfx\cache\21.0.5+1\amd64\prism_d3d.dll
Event: 0.492 Loaded shared library C:\Users\alyona\.openjfx\cache\21.0.5+1\amd64\glass.dll
Event: 0.643 Loaded shared library C:\Users\alyona\.openjfx\cache\21.0.5+1\amd64\javafx_font.dll
Event: 35.221 Loaded shared library C:\Users\alyona\.jdks\openjdk-23.0.1\bin\management.dll
Event: 35.223 Loaded shared library C:\Users\alyona\.jdks\openjdk-23.0.1\bin\management_ext.dll
Event: 35.863 Loaded shared library C:\Users\alyona\.jdks\openjdk-23.0.1\bin\sunmscapi.dll
Event: 35.881 Loaded shared library C:\Users\alyona\.jdks\openjdk-23.0.1\bin\extnet.dll

Deoptimization events (20 events):
Event: 64.636 Thread 0x00000252c8033b90 Uncommon trap: trap_request=0xffffffd6 fr.pc=0x00000252f2cf2020 relative=0x0000000000000c40
Event: 64.636 Thread 0x00000252c8033b90 Uncommon trap: reason=array_check action=maybe_recompile pc=0x00000252f2cf2020 method=javafx.css.SimpleSelector.applies(Ljavafx/css/Styleable;[Ljava/util/Set;I)Z @ 37 c2
Event: 64.636 Thread 0x00000252c8033b90 DEOPT PACKING pc=0x00000252f2cf2020 sp=0x000000d0480fb5c0
Event: 64.636 Thread 0x00000252c8033b90 DEOPT UNPACKING pc=0x00000252f2604402 sp=0x000000d0480fb500 mode 2
Event: 64.638 Thread 0x00000252c8033b90 Uncommon trap: trap_request=0xffffff45 fr.pc=0x00000252f2bb7ff0 relative=0x0000000000000130
Event: 64.638 Thread 0x00000252c8033b90 Uncommon trap: reason=unstable_if action=reinterpret pc=0x00000252f2bb7ff0 method=java.util.concurrent.locks.ReentrantLock$Sync.tryRelease(I)Z @ 26 c2
Event: 64.638 Thread 0x00000252c8033b90 DEOPT PACKING pc=0x00000252f2bb7ff0 sp=0x000000d0480fb660
Event: 64.638 Thread 0x00000252c8033b90 DEOPT UNPACKING pc=0x00000252f2604402 sp=0x000000d0480fb4e0 mode 2
Event: 64.640 Thread 0x00000252c7212a90 Uncommon trap: trap_request=0xffffffbe fr.pc=0x00000252f2d05f40 relative=0x00000000000011c0
Event: 64.640 Thread 0x00000252c7212a90 Uncommon trap: reason=profile_predicate action=maybe_recompile pc=0x00000252f2d05f40 method=java.util.concurrent.locks.AbstractQueuedSynchronizer.acquire(Ljava/util/concurrent/locks/AbstractQueuedSynchronizer$Node;IZZZJ)I @ 20 c2
Event: 64.640 Thread 0x00000252c7212a90 DEOPT PACKING pc=0x00000252f2d05f40 sp=0x000000d047cfeeb0
Event: 64.640 Thread 0x00000252c7212a90 DEOPT UNPACKING pc=0x00000252f2604402 sp=0x000000d047cfee50 mode 2
Event: 64.649 Thread 0x00000252c804bd70 Uncommon trap: trap_request=0xffffff45 fr.pc=0x00000252f2d08738 relative=0x00000000000004b8
Event: 64.649 Thread 0x00000252c804bd70 Uncommon trap: reason=unstable_if action=reinterpret pc=0x00000252f2d08738 method=java.util.concurrent.locks.AbstractQueuedSynchronizer$ConditionNode.isReleasable()Z @ 14 c2
Event: 64.649 Thread 0x00000252c804bd70 DEOPT PACKING pc=0x00000252f2d08738 sp=0x000000d047eff4b0
Event: 64.649 Thread 0x00000252c804bd70 DEOPT UNPACKING pc=0x00000252f2604402 sp=0x000000d047eff2d8 mode 2
Event: 64.649 Thread 0x00000252c804bd70 Uncommon trap: trap_request=0xffffff45 fr.pc=0x00000252f2cd0458 relative=0x0000000000000058
Event: 64.649 Thread 0x00000252c804bd70 Uncommon trap: reason=unstable_if action=reinterpret pc=0x00000252f2cd0458 method=java.lang.Thread.getAndClearInterrupt()Z @ 6 c2
Event: 64.649 Thread 0x00000252c804bd70 DEOPT PACKING pc=0x00000252f2cd0458 sp=0x000000d047eff460
Event: 64.649 Thread 0x00000252c804bd70 DEOPT UNPACKING pc=0x00000252f2604402 sp=0x000000d047eff398 mode 2

Classes loaded (20 events):
Event: 46.029 Loading class sun/nio/ch/SocketOptionRegistry
Event: 46.029 Loading class sun/nio/ch/SocketOptionRegistry done
Event: 46.029 Loading class sun/nio/ch/SocketOptionRegistry$RegistryKey
Event: 46.029 Loading class sun/nio/ch/SocketOptionRegistry$RegistryKey done
Event: 46.029 Loading class sun/nio/ch/SocketOptionRegistry$LazyInitialization
Event: 46.029 Loading class sun/nio/ch/SocketOptionRegistry$LazyInitialization done
Event: 46.029 Loading class sun/nio/ch/OptionKey
Event: 46.029 Loading class sun/nio/ch/OptionKey done
Event: 46.029 Loading class sun/nio/ch/ExtendedSocketOption
Event: 46.030 Loading class sun/nio/ch/ExtendedSocketOption done
Event: 46.030 Loading class sun/nio/ch/ExtendedSocketOption$1
Event: 46.030 Loading class sun/nio/ch/ExtendedSocketOption$1 done
Event: 46.030 Loading class sun/security/ssl/Alert
Event: 46.030 Loading class sun/security/ssl/Alert done
Event: 46.030 Loading class sun/security/ssl/Alert$AlertConsumer
Event: 46.031 Loading class sun/security/ssl/Alert$AlertConsumer done
Event: 46.031 Loading class sun/security/ssl/Alert$Level
Event: 46.031 Loading class sun/security/ssl/Alert$Level done
Event: 64.649 Loading class java/io/FileOutputStream$1
Event: 64.650 Loading class java/io/FileOutputStream$1 done

Classes unloaded (0 events):
No events

Classes redefined (0 events):
No events

Internal exceptions (20 events):
Event: 35.432 Thread 0x00000252c8033b90 Exception <a 'java/lang/NoSuchMethodError'{0x00000007115fe700}: 'int java.lang.invoke.Invokers$Holder.invokeExact_MT(java.lang.Object, java.lang.Object, java.lang.Object)'> (0x00000007115fe700) 
thrown [s\open\src\hotspot\share\interpreter\linkResolver.cpp, line 796]
Event: 35.458 Thread 0x00000252c8033b90 Exception <a 'java/lang/NoSuchMethodError'{0x000000071130fd20}: 'void java.lang.invoke.Invokers$Holder.invokeExact_MT(java.lang.Object, java.lang.Object, int, java.lang.Object)'> (0x000000071130fd20) 
thrown [s\open\src\hotspot\share\interpreter\linkResolver.cpp, line 796]
Event: 35.462 Thread 0x00000252c8033b90 Exception <a 'sun/nio/fs/WindowsException'{0x0000000711325398}> (0x0000000711325398) 
thrown [s\open\src\hotspot\share\prims\jni.cpp, line 520]
Event: 35.494 Thread 0x00000252c8033b90 Exception <a 'java/lang/NoSuchMethodError'{0x0000000712418538}: 'int java.lang.invoke.DirectMethodHandle$Holder.invokeInterface(java.lang.Object, java.lang.Object)'> (0x0000000712418538) 
thrown [s\open\src\hotspot\share\interpreter\linkResolver.cpp, line 796]
Event: 35.495 Thread 0x00000252c8033b90 Exception <a 'java/lang/IncompatibleClassChangeError'{0x000000071241bac0}: Found class java.lang.Object, but interface was expected> (0x000000071241bac0) 
thrown [s\open\src\hotspot\share\interpreter\linkResolver.cpp, line 863]
Event: 35.539 Thread 0x00000252c8033b90 Exception <a 'java/lang/NoSuchMethodError'{0x0000000712578dd8}: 'java.lang.Object java.lang.invoke.DirectMethodHandle$Holder.invokeStaticInit(java.lang.Object, java.lang.Object, java.lang.Object)'> (0x0000000712578dd8) 
thrown [s\open\src\hotspot\share\interpreter\linkResolver.cpp, line 796]
Event: 35.614 Thread 0x00000252c8033b90 Exception <a 'java/lang/NoSuchMethodError'{0x00000007062eec40}: 'java.lang.Object java.lang.invoke.DirectMethodHandle$Holder.invokeStaticInit(java.lang.Object, int, int, int, int)'> (0x00000007062eec40) 
thrown [s\open\src\hotspot\share\interpreter\linkResolver.cpp, line 796]
Event: 35.625 Thread 0x00000252c8033b90 Exception <a 'java/lang/NoSuchMethodError'{0x0000000706333378}: 'java.lang.Object java.lang.invoke.DirectMethodHandle$Holder.invokeStaticInit(java.lang.Object, java.lang.Object, int, int, int, int)'> (0x0000000706333378) 
thrown [s\open\src\hotspot\share\interpreter\linkResolver.cpp, line 796]
Event: 35.654 Thread 0x00000252c8033b90 Exception <a 'sun/nio/fs/WindowsException'{0x00000007063ffa40}> (0x00000007063ffa40) 
thrown [s\open\src\hotspot\share\prims\jni.cpp, line 520]
Event: 35.689 Thread 0x00000252c8033b90 Exception <a 'java/lang/NoSuchMethodError'{0x00000007060ba438}: 'int java.lang.invoke.DirectMethodHandle$Holder.invokeStatic(java.lang.Object, int, java.lang.Object)'> (0x00000007060ba438) 
thrown [s\open\src\hotspot\share\interpreter\linkResolver.cpp, line 796]
Event: 35.791 Thread 0x00000252c8033b90 Exception <a 'java/lang/NoSuchMethodError'{0x00000007061428a8}: 'void java.lang.invoke.DirectMethodHandle$Holder.invokeVirtual(java.lang.Object, java.lang.Object)'> (0x00000007061428a8) 
thrown [s\open\src\hotspot\share\interpreter\linkResolver.cpp, line 796]
Event: 35.803 Thread 0x00000252c8033b90 Implicit null exception at 0x00000252f2c776f4 to 0x00000252f2c77fb0
Event: 35.830 Thread 0x00000252c8033b90 Exception <a 'java/lang/NoSuchMethodError'{0x0000000705e12d68}: 'void java.lang.invoke.DirectMethodHandle$Holder.invokeStaticInit(java.lang.Object, java.lang.Object, java.lang.Object)'> (0x0000000705e12d68) 
thrown [s\open\src\hotspot\share\interpreter\linkResolver.cpp, line 796]
Event: 36.033 Thread 0x00000252c8033b90 Implicit null exception at 0x00000252f2c9587f to 0x00000252f2c96234
Event: 36.033 Thread 0x00000252c8033b90 Implicit null exception at 0x00000252f2c8ef1b to 0x00000252f2c8f080
Event: 36.156 Thread 0x00000252c8033b90 Exception <a 'java/io/FileNotFoundException'{0x00000007051bc808}> (0x00000007051bc808) 
thrown [s\open\src\hotspot\share\prims\jni.cpp, line 520]
Event: 36.247 Thread 0x00000252c8033b90 Exception <a 'java/lang/NoSuchMethodError'{0x0000000704a48348}: 'void java.lang.invoke.DirectMethodHandle$Holder.invokeSpecial(java.lang.Object, java.lang.Object, int, int)'> (0x0000000704a48348) 
thrown [s\open\src\hotspot\share\interpreter\linkResolver.cpp, line 796]
Event: 36.247 Thread 0x00000252c8033b90 Exception <a 'java/lang/NoSuchMethodError'{0x0000000704a4e520}: 'java.lang.Object java.lang.invoke.DirectMethodHandle$Holder.newInvokeSpecial(java.lang.Object, java.lang.Object, int, int)'> (0x0000000704a4e520) 
thrown [s\open\src\hotspot\share\interpreter\linkResolver.cpp, line 796]
Event: 36.248 Thread 0x00000252c8033b90 Exception <a 'java/lang/NoSuchMethodError'{0x0000000704a52a28}: 'java.lang.Object java.lang.invoke.DirectMethodHandle$Holder.invokeSpecial(java.lang.Object, java.lang.Object, java.lang.Object, int, int)'> (0x0000000704a52a28) 
thrown [s\open\src\hotspot\share\interpreter\linkResolver.cpp, line 796]
Event: 36.429 Thread 0x00000252c8033b90 Exception <a 'java/io/FileNotFoundException'{0x00000007065dfad0}> (0x00000007065dfad0) 
thrown [s\open\src\hotspot\share\prims\jni.cpp, line 520]

VM Operations (20 events):
Event: 35.659 Executing VM operation: HandshakeAllThreads (Deoptimize) done
Event: 35.794 Executing VM operation: HandshakeAllThreads (Deoptimize)
Event: 35.794 Executing VM operation: HandshakeAllThreads (Deoptimize) done
Event: 35.877 Executing VM operation: HandshakeAllThreads (Deoptimize)
Event: 35.877 Executing VM operation: HandshakeAllThreads (Deoptimize) done
Event: 36.194 Executing VM operation: HandshakeAllThreads (Deoptimize)
Event: 36.194 Executing VM operation: HandshakeAllThreads (Deoptimize) done
Event: 36.254 Executing VM operation: HandshakeAllThreads (Deoptimize)
Event: 36.254 Executing VM operation: HandshakeAllThreads (Deoptimize) done
Event: 36.271 Executing VM operation: HandshakeAllThreads (Deoptimize)
Event: 36.271 Executing VM operation: HandshakeAllThreads (Deoptimize) done
Event: 36.354 Executing VM operation: G1CollectForAllocation (G1 Evacuation Pause)
Event: 36.369 Executing VM operation: G1CollectForAllocation (G1 Evacuation Pause) done
Event: 46.075 Executing VM operation: HandshakeAllThreads (Deoptimize)
Event: 46.075 Executing VM operation: HandshakeAllThreads (Deoptimize) done
Event: 60.029 Executing VM operation: HandshakeAllThreads (HandshakeForDeflation)
Event: 60.029 Executing VM operation: HandshakeAllThreads (HandshakeForDeflation) done
Event: 60.030 Executing VM operation: RendezvousGCThreads
Event: 60.030 Executing VM operation: RendezvousGCThreads done
Event: 64.651 Executing VM operation: Exit

Memory protections (0 events):
No events

Nmethod flushes (0 events):
No events

Events (20 events):
Event: 0.119 Thread 0x00000252e06f82f0 Thread added: 0x00000252c7212a90
Event: 0.263 Thread 0x00000252ff4a0140 Thread added: 0x00000252c764c5e0
Event: 0.454 Thread 0x00000252c7212a90 Thread added: 0x00000252c804bd70
Event: 0.494 Thread 0x00000252c7212a90 Thread added: 0x00000252c8032ca0
Event: 0.497 Thread 0x00000252c7212a90 Thread added: 0x00000252c8033b90
Event: 0.572 Thread 0x00000252c7d32480 Thread added: 0x00000252c7d32480
Event: 1.116 Thread 0x00000252c8033b90 Thread added: 0x00000252ce09fad0
Event: 1.431 Thread 0x00000252c804bd70 Thread added: 0x00000252c83a8890
Event: 1.565 Thread 0x00000252c764c5e0 Thread exited: 0x00000252c764c5e0
Event: 35.127 Thread 0x00000252ff4d3ca0 Thread added: 0x00000252c8248830
Event: 36.313 Thread 0x00000252c8033b90 Thread added: 0x00000252c83aa960
Event: 36.749 Thread 0x00000252c8248830 Thread exited: 0x00000252c8248830
Event: 46.029 Thread 0x00000252c83aa960 Thread exited: 0x00000252c83aa960
Event: 64.639 Thread 0x00000252c8033b90 Thread added: 0x00000252c83a9c40
Event: 64.639 Thread 0x00000252c8033b90 Thread added: 0x00000252c83a8f20
Event: 64.639 Thread 0x00000252c8033b90 Thread added: 0x00000252c83a95b0
Event: 64.647 Thread 0x00000252c83a9c40 Thread exited: 0x00000252c83a9c40
Event: 64.649 Thread 0x00000252c83a95b0 Thread exited: 0x00000252c83a95b0
Event: 64.651 Thread 0x00000252c83a8f20 Thread exited: 0x00000252c83a8f20
Event: 64.651 Thread 0x00000252c8033b90 Before exit entered


Dynamic libraries:
0x00007ff6d36a0000 - 0x00007ff6d36ae000 	C:\Users\alyona\.jdks\openjdk-23.0.1\bin\java.exe
0x00007ff95c430000 - 0x00007ff95c628000 	C:\WINDOWS\SYSTEM32\ntdll.dll
0x00007ff95a780000 - 0x00007ff95a842000 	C:\WINDOWS\System32\KERNEL32.DLL
0x00007ff9596a0000 - 0x00007ff95999e000 	C:\WINDOWS\System32\KERNELBASE.dll
0x00007ff9599a0000 - 0x00007ff959aa0000 	C:\WINDOWS\System32\ucrtbase.dll
0x00007ff948aa0000 - 0x00007ff948ab7000 	C:\Users\alyona\.jdks\openjdk-23.0.1\bin\jli.dll
0x00007ff95bb90000 - 0x00007ff95bd2d000 	C:\WINDOWS\System32\USER32.dll
0x00007ff9590e0000 - 0x00007ff959102000 	C:\WINDOWS\System32\win32u.dll
0x00007ff95a210000 - 0x00007ff95a23b000 	C:\WINDOWS\System32\GDI32.dll
0x00007ff9592f0000 - 0x00007ff959407000 	C:\WINDOWS\System32\gdi32full.dll
0x00007ff959600000 - 0x00007ff95969d000 	C:\WINDOWS\System32\msvcp_win.dll
0x00007ff946640000 - 0x00007ff94665b000 	C:\Users\alyona\.jdks\openjdk-23.0.1\bin\VCRUNTIME140.dll
0x00007ff9450d0000 - 0x00007ff94536a000 	C:\WINDOWS\WinSxS\amd64_microsoft.windows.common-controls_6595b64144ccf1df_6.0.19041.4355_none_60b8b9eb71f62e16\COMCTL32.dll
0x00007ff95c210000 - 0x00007ff95c2ae000 	C:\WINDOWS\System32\msvcrt.dll
0x00007ff95a950000 - 0x00007ff95a97f000 	C:\WINDOWS\System32\IMM32.DLL
0x00007ff948240000 - 0x00007ff94824c000 	C:\Users\alyona\.jdks\openjdk-23.0.1\bin\vcruntime140_1.dll
0x00007ff92efb0000 - 0x00007ff92f03e000 	C:\Users\alyona\.jdks\openjdk-23.0.1\bin\msvcp140.dll
0x00007ff920a60000 - 0x00007ff9217af000 	C:\Users\alyona\.jdks\openjdk-23.0.1\bin\server\jvm.dll
0x00007ff95a3e0000 - 0x00007ff95a491000 	C:\WINDOWS\System32\ADVAPI32.dll
0x00007ff95a340000 - 0x00007ff95a3df000 	C:\WINDOWS\System32\sechost.dll
0x00007ff95b500000 - 0x00007ff95b623000 	C:\WINDOWS\System32\RPCRT4.dll
0x00007ff959460000 - 0x00007ff959487000 	C:\WINDOWS\System32\bcrypt.dll
0x00007ff95c380000 - 0x00007ff95c3eb000 	C:\WINDOWS\System32\WS2_32.dll
0x00007ff958670000 - 0x00007ff9586bb000 	C:\WINDOWS\SYSTEM32\POWRPROF.dll
0x00007ff944ee0000 - 0x00007ff944f07000 	C:\WINDOWS\SYSTEM32\WINMM.dll
0x00007ff94c9a0000 - 0x00007ff94c9aa000 	C:\WINDOWS\SYSTEM32\VERSION.dll
0x00007ff9584f0000 - 0x00007ff958502000 	C:\WINDOWS\SYSTEM32\UMPDC.dll
0x00007ff956f90000 - 0x00007ff956fa2000 	C:\WINDOWS\SYSTEM32\kernel.appcore.dll
0x00007ff947a00000 - 0x00007ff947a0a000 	C:\Users\alyona\.jdks\openjdk-23.0.1\bin\jimage.dll
0x00007ff950f70000 - 0x00007ff951154000 	C:\WINDOWS\SYSTEM32\DBGHELP.DLL
0x00007ff9466b0000 - 0x00007ff9466e4000 	C:\WINDOWS\SYSTEM32\dbgcore.DLL
0x00007ff959540000 - 0x00007ff9595c2000 	C:\WINDOWS\System32\bcryptPrimitives.dll
0x00007ff946190000 - 0x00007ff9461ae000 	C:\Users\alyona\.jdks\openjdk-23.0.1\bin\java.dll
0x00007ff95aa30000 - 0x00007ff95ab5b000 	C:\WINDOWS\System32\ole32.dll
0x00007ff95ab60000 - 0x00007ff95aeb3000 	C:\WINDOWS\System32\combase.dll
0x00007ff959aa0000 - 0x00007ff95a20d000 	C:\WINDOWS\System32\SHELL32.dll
0x00007ff957190000 - 0x00007ff957934000 	C:\WINDOWS\SYSTEM32\windows.storage.dll
0x00007ff958b10000 - 0x00007ff958b3e000 	C:\WINDOWS\SYSTEM32\Wldp.dll
0x00007ff95baa0000 - 0x00007ff95bb6d000 	C:\WINDOWS\System32\OLEAUT32.dll
0x00007ff95a980000 - 0x00007ff95aa2d000 	C:\WINDOWS\System32\SHCORE.dll
0x00007ff95c320000 - 0x00007ff95c375000 	C:\WINDOWS\System32\shlwapi.dll
0x00007ff959010000 - 0x00007ff959034000 	C:\WINDOWS\SYSTEM32\profapi.dll
0x00007ff92c300000 - 0x00007ff92c3d7000 	C:\Users\alyona\.jdks\openjdk-23.0.1\bin\jsvml.dll
0x00007ff946630000 - 0x00007ff946640000 	C:\Users\alyona\.jdks\openjdk-23.0.1\bin\net.dll
0x00007ff958870000 - 0x00007ff9588da000 	C:\WINDOWS\system32\mswsock.dll
0x00007ff945fd0000 - 0x00007ff945fe6000 	C:\Users\alyona\.jdks\openjdk-23.0.1\bin\nio.dll
0x00007ff9445f0000 - 0x00007ff944607000 	C:\Users\alyona\.jdks\openjdk-23.0.1\bin\zip.dll
0x00000252c7d60000 - 0x00000252c7d63000 	C:\Users\alyona\.openjfx\cache\21.0.5+1\amd64\api-ms-win-core-console-l1-1-0.dll
0x00000252c7d70000 - 0x00000252c7d73000 	C:\Users\alyona\.openjfx\cache\21.0.5+1\amd64\api-ms-win-core-console-l1-2-0.dll
0x00000252c7d80000 - 0x00000252c7d83000 	C:\Users\alyona\.openjfx\cache\21.0.5+1\amd64\api-ms-win-core-datetime-l1-1-0.dll
0x00000252c7d90000 - 0x00000252c7d93000 	C:\Users\alyona\.openjfx\cache\21.0.5+1\amd64\api-ms-win-core-debug-l1-1-0.dll
0x00000252c7da0000 - 0x00000252c7da3000 	C:\Users\alyona\.openjfx\cache\21.0.5+1\amd64\api-ms-win-core-errorhandling-l1-1-0.dll
0x00000252c7db0000 - 0x00000252c7db4000 	C:\Users\alyona\.openjfx\cache\21.0.5+1\amd64\api-ms-win-core-file-l1-1-0.dll
0x00000252c7dc0000 - 0x00000252c7dc3000 	C:\Users\alyona\.openjfx\cache\21.0.5+1\amd64\api-ms-win-core-file-l1-2-0.dll
0x00000252c7dd0000 - 0x00000252c7dd3000 	C:\Users\alyona\.openjfx\cache\21.0.5+1\amd64\api-ms-win-core-file-l2-1-0.dll
0x00000252c7de0000 - 0x00000252c7de3000 	C:\Users\alyona\.openjfx\cache\21.0.5+1\amd64\api-ms-win-core-handle-l1-1-0.dll
0x00000252c7df0000 - 0x00000252c7df3000 	C:\Users\alyona\.openjfx\cache\21.0.5+1\amd64\api-ms-win-core-heap-l1-1-0.dll
0x00000252c7e00000 - 0x00000252c7e03000 	C:\Users\alyona\.openjfx\cache\21.0.5+1\amd64\api-ms-win-core-interlocked-l1-1-0.dll
0x00000252c7e10000 - 0x00000252c7e13000 	C:\Users\alyona\.openjfx\cache\21.0.5+1\amd64\api-ms-win-core-libraryloader-l1-1-0.dll
0x00000252c7e20000 - 0x00000252c7e23000 	C:\Users\alyona\.openjfx\cache\21.0.5+1\amd64\api-ms-win-core-localization-l1-2-0.dll
0x00000252c7e30000 - 0x00000252c7e33000 	C:\Users\alyona\.openjfx\cache\21.0.5+1\amd64\api-ms-win-core-memory-l1-1-0.dll
0x00000252c7e40000 - 0x00000252c7e43000 	C:\Users\alyona\.openjfx\cache\21.0.5+1\amd64\api-ms-win-core-namedpipe-l1-1-0.dll
0x00000252c7e50000 - 0x00000252c7e53000 	C:\Users\alyona\.openjfx\cache\21.0.5+1\amd64\api-ms-win-core-processenvironment-l1-1-0.dll
0x00000252c7e60000 - 0x00000252c7e63000 	C:\Users\alyona\.openjfx\cache\21.0.5+1\amd64\api-ms-win-core-processthreads-l1-1-0.dll
0x00000252c7e70000 - 0x00000252c7e73000 	C:\Users\alyona\.openjfx\cache\21.0.5+1\amd64\api-ms-win-core-processthreads-l1-1-1.dll
0x00000252c7e80000 - 0x00000252c7e83000 	C:\Users\alyona\.openjfx\cache\21.0.5+1\amd64\api-ms-win-core-profile-l1-1-0.dll
0x00000252c7e90000 - 0x00000252c7e93000 	C:\Users\alyona\.openjfx\cache\21.0.5+1\amd64\api-ms-win-core-rtlsupport-l1-1-0.dll
0x00000252c7ea0000 - 0x00000252c7ea3000 	C:\Users\alyona\.openjfx\cache\21.0.5+1\amd64\api-ms-win-core-string-l1-1-0.dll
0x00000252c7eb0000 - 0x00000252c7eb3000 	C:\Users\alyona\.openjfx\cache\21.0.5+1\amd64\api-ms-win-core-synch-l1-1-0.dll
0x00000252c7ec0000 - 0x00000252c7ec3000 	C:\Users\alyona\.openjfx\cache\21.0.5+1\amd64\api-ms-win-core-synch-l1-2-0.dll
0x00000252c7ed0000 - 0x00000252c7ed3000 	C:\Users\alyona\.openjfx\cache\21.0.5+1\amd64\api-ms-win-core-sysinfo-l1-1-0.dll
0x00000252c7ee0000 - 0x00000252c7ee3000 	C:\Users\alyona\.openjfx\cache\21.0.5+1\amd64\api-ms-win-core-timezone-l1-1-0.dll
0x00000252c7ef0000 - 0x00000252c7ef3000 	C:\Users\alyona\.openjfx\cache\21.0.5+1\amd64\api-ms-win-core-util-l1-1-0.dll
0x00000252c7f00000 - 0x00000252c7f03000 	C:\Users\alyona\.openjfx\cache\21.0.5+1\amd64\api-ms-win-crt-conio-l1-1-0.dll
0x00000252c7f10000 - 0x00000252c7f14000 	C:\Users\alyona\.openjfx\cache\21.0.5+1\amd64\api-ms-win-crt-convert-l1-1-0.dll
0x00000252c7f20000 - 0x00000252c7f23000 	C:\Users\alyona\.openjfx\cache\21.0.5+1\amd64\api-ms-win-crt-environment-l1-1-0.dll
0x00000252c7f30000 - 0x00000252c7f33000 	C:\Users\alyona\.openjfx\cache\21.0.5+1\amd64\api-ms-win-crt-filesystem-l1-1-0.dll
0x00000252c7f40000 - 0x00000252c7f43000 	C:\Users\alyona\.openjfx\cache\21.0.5+1\amd64\api-ms-win-crt-heap-l1-1-0.dll
0x00000252c7f50000 - 0x00000252c7f53000 	C:\Users\alyona\.openjfx\cache\21.0.5+1\amd64\api-ms-win-crt-locale-l1-1-0.dll
0x00000252c7f60000 - 0x00000252c7f65000 	C:\Users\alyona\.openjfx\cache\21.0.5+1\amd64\api-ms-win-crt-math-l1-1-0.dll
0x00000252c7f70000 - 0x00000252c7f75000 	C:\Users\alyona\.openjfx\cache\21.0.5+1\amd64\api-ms-win-crt-multibyte-l1-1-0.dll
0x00000252c7f80000 - 0x00000252c7f90000 	C:\Users\alyona\.openjfx\cache\21.0.5+1\amd64\api-ms-win-crt-private-l1-1-0.dll
0x00000252c7f90000 - 0x00000252c7f93000 	C:\Users\alyona\.openjfx\cache\21.0.5+1\amd64\api-ms-win-crt-process-l1-1-0.dll
0x00000252c7fa0000 - 0x00000252c7fa4000 	C:\Users\alyona\.openjfx\cache\21.0.5+1\amd64\api-ms-win-crt-runtime-l1-1-0.dll
0x00000252c7fb0000 - 0x00000252c7fb4000 	C:\Users\alyona\.openjfx\cache\21.0.5+1\amd64\api-ms-win-crt-stdio-l1-1-0.dll
0x00000252c7fc0000 - 0x00000252c7fc4000 	C:\Users\alyona\.openjfx\cache\21.0.5+1\amd64\api-ms-win-crt-string-l1-1-0.dll
0x00000252c7fd0000 - 0x00000252c7fd3000 	C:\Users\alyona\.openjfx\cache\21.0.5+1\amd64\api-ms-win-crt-time-l1-1-0.dll
0x00000252c7fe0000 - 0x00000252c7fe3000 	C:\Users\alyona\.openjfx\cache\21.0.5+1\amd64\api-ms-win-crt-utility-l1-1-0.dll
0x00007ff92b9f0000 - 0x00007ff92baec000 	C:\Users\alyona\.openjfx\cache\21.0.5+1\amd64\ucrtbase.dll
0x00007ff944500000 - 0x00007ff94451b000 	C:\Users\alyona\.openjfx\cache\21.0.5+1\amd64\vcruntime140.dll
0x00007ff9461f0000 - 0x00007ff9461fc000 	C:\Users\alyona\.openjfx\cache\21.0.5+1\amd64\vcruntime140_1.dll
0x00007ff92ed70000 - 0x00007ff92edfe000 	C:\Users\alyona\.openjfx\cache\21.0.5+1\amd64\msvcp140.dll
0x00007ff945fc0000 - 0x00007ff945fc9000 	C:\Users\alyona\.openjfx\cache\21.0.5+1\amd64\msvcp140_1.dll
0x00007ff92c2b0000 - 0x00007ff92c2f1000 	C:\Users\alyona\.openjfx\cache\21.0.5+1\amd64\msvcp140_2.dll
0x00007ff944350000 - 0x00007ff944380000 	C:\Users\alyona\.openjfx\cache\21.0.5+1\amd64\prism_d3d.dll
0x00007ff900ce0000 - 0x00007ff900eb1000 	C:\WINDOWS\system32\d3d9.dll
0x00007ff956c90000 - 0x00007ff956cbf000 	C:\WINDOWS\SYSTEM32\dwmapi.dll
0x00007ff956aa0000 - 0x00007ff956b3e000 	C:\WINDOWS\system32\uxtheme.dll
0x00007ff8c5870000 - 0x00007ff8c7dae000 	C:\WINDOWS\SYSTEM32\igdumdim64.dll
0x00007ff95b630000 - 0x00007ff95ba9e000 	C:\WINDOWS\System32\SETUPAPI.dll
0x00007ff959410000 - 0x00007ff95945e000 	C:\WINDOWS\System32\cfgmgr32.dll
0x00007ff92c230000 - 0x00007ff92c272000 	C:\Users\alyona\.openjfx\cache\21.0.5+1\amd64\glass.dll
0x00007ff95a870000 - 0x00007ff95a94a000 	C:\WINDOWS\System32\COMDLG32.dll
0x00007ff95b1e0000 - 0x00007ff95b2f5000 	C:\WINDOWS\System32\MSCTF.dll
0x00007ff94aea0000 - 0x00007ff94b8e0000 	C:\WINDOWS\SYSTEM32\igdusc64.dll
0x00007ff9537a0000 - 0x00007ff9537db000 	C:\WINDOWS\SYSTEM32\dxcore.dll
0x00007ff9428b0000 - 0x00007ff9428c5000 	C:\Users\alyona\.openjfx\cache\21.0.5+1\amd64\javafx_font.dll
0x00007ff94a810000 - 0x00007ff94aa8f000 	C:\WINDOWS\SYSTEM32\dwrite.dll
0x00007ff95a520000 - 0x00007ff95a5c9000 	C:\WINDOWS\System32\clbcatq.dll
0x00007ff956890000 - 0x00007ff956a44000 	C:\WINDOWS\SYSTEM32\WindowsCodecs.dll
0x00007ff9345d0000 - 0x00007ff93460e000 	C:\WINDOWS\system32\dataexchange.dll
0x00007ff954d90000 - 0x00007ff954ff3000 	C:\WINDOWS\system32\d3d11.dll
0x00007ff955a20000 - 0x00007ff955c04000 	C:\WINDOWS\system32\dcomp.dll
0x00007ff957980000 - 0x00007ff957a76000 	C:\WINDOWS\system32\dxgi.dll
0x00007ff951160000 - 0x00007ff951363000 	C:\WINDOWS\system32\twinapi.appcore.dll
0x00007ff92eee0000 - 0x00007ff92ef14000 	C:\Program Files\Common Files\Microsoft Shared\Ink\rtscom.dll
0x00007ff94dcf0000 - 0x00007ff94dde9000 	C:\WINDOWS\SYSTEM32\textinputframework.dll
0x00007ff9555c0000 - 0x00007ff95591b000 	C:\WINDOWS\System32\CoreUIComponents.dll
0x00007ff955920000 - 0x00007ff955a12000 	C:\WINDOWS\System32\CoreMessaging.dll
0x00007ff958380000 - 0x00007ff9583b3000 	C:\WINDOWS\SYSTEM32\ntmarta.dll
0x00007ff954530000 - 0x00007ff954687000 	C:\WINDOWS\SYSTEM32\wintypes.dll
0x00007ff944230000 - 0x00007ff944296000 	C:\WINDOWS\system32\Oleacc.dll
0x00007ff954800000 - 0x00007ff95480a000 	C:\Users\alyona\.jdks\openjdk-23.0.1\bin\management.dll
0x00007ff9547f0000 - 0x00007ff9547fb000 	C:\Users\alyona\.jdks\openjdk-23.0.1\bin\management_ext.dll
0x00007ff95a330000 - 0x00007ff95a338000 	C:\WINDOWS\System32\PSAPI.DLL
0x00007ff943310000 - 0x00007ff943327000 	C:\WINDOWS\system32\napinsp.dll
0x00007ff9432f0000 - 0x00007ff94330b000 	C:\WINDOWS\system32\pnrpnsp.dll
0x00007ff9432d0000 - 0x00007ff9432e5000 	C:\WINDOWS\system32\wshbth.dll

dbghelp: loaded successfully - version: 4.0.5 - missing functions: none
symbol engine: initialized successfully - sym options: 0x614 - pdb path: .;C:\Users\alyona\.jdks\openjdk-23.0.1\bin;C:\WINDOWS\SYSTEM32;C:\WINDOWS\WinSxS\amd64_microsoft.windows.common-controls_6595b64144ccf1df_6.0.19041.4355_none_60b8b9eb71f62e16;C:\Users\alyona\.jdks\openjdk-23.0.1\bin\server;C:\Users\alyona\.openjfx\cache\21.0.5+1\amd64;C:\Program Files\Common Files\Microsoft Shared\Ink

VM Arguments:
jvm_args: -Dfile.encoding=UTF-8 -Duser.country=RU -Duser.language=ru -Duser.variant 
java_command: org.mainchat.LauncherApp
java_class_path (initial): C:\Users\alyona\Documents\bonchara\Java\chat\build\classes\java\main;C:\Users\alyona\Documents\bonchara\Java\chat\build\resources\main;C:\Users\alyona\.gradle\caches\modules-2\files-2.1\org.openjfx\javafx-fxml\21.0.5\dd93d33052d0d5e0256cf3658fc6a2e2755d1f9b\javafx-fxml-21.0.5-win.jar;C:\Users\alyona\.gradle\caches\modules-2\files-2.1\org.openjfx\javafx-fxml\21.0.5\7df31cb4c6fc509ceb28efa26bafe5436fb84653\javafx-fxml-21.0.5.jar;C:\Users\alyona\.gradle\caches\modules-2\files-2.1\org.openjfx\javafx-controls\21.0.5\b0ec9e085b2e0196278905388e865119263736df\javafx-controls-21.0.5-win.jar;C:\Users\alyona\.gradle\caches\modules-2\files-2.1\org.openjfx\javafx-controls\21.0.5\fba5769f62c2b503924b4f131adeaf818c403f4e\javafx-controls-21.0.5.jar;C:\Users\alyona\.gradle\caches\modules-2\files-2.1\org.openjfx\javafx-graphics\21.0.5\fff3d317e9e5ef3eda055bf3624720b5c5f4ed49\javafx-graphics-21.0.5-win.jar;C:\Users\alyona\.gradle\caches\modules-2\files-2.1\org.openjfx\javafx-graphics\21.0.5\350837836014091df30d45dd67c89122ad385439\javafx-graphics-21.0.5.jar;C:\Users\alyona\.gradle\caches\modules-2\files-2.1\org.openjfx\javafx-base\21.0.5\be70cdbaba4dd1ff78a570eada78affbbff0a45b\javafx-base-21.0.5-win.jar;C:\Users\alyona\.gradle\caches\modules-2\files-2.1\org.openjfx\javafx-base\21.0.5\c9c1cf2d52bc7dd7b20dab3157963f8aaaf38e47\javafx-base-21.0.5.jar;C:\Users\alyona\.gradle\caches\modules-2\files-2.1\org.apache.logging.log4j\log4j-core\2.20.0\eb2a9a47b1396e00b5eee1264296729a70565cc0\log4j-core-2.20.0.jar;C:\Users\alyona\.gradle\caches\modules-2\files-2.1\org.apache.logging.log4j\log4j-api\2.20.0\1fe6082e660daf07c689a89c94dc0f49c26b44bb\log4j-api-2.20.0.jar
Launcher Type: SUN_STANDARD

[Global flags]
     intx CICompilerCount                          = 3                                         {product} {ergonomic}
     uint ConcGCThreads                            = 1                                         {product} {ergonomic}
     uint G1ConcRefinementThreads                  = 4                                         {product} {ergonomic}
   size_t G1HeapRegionSize                         = 2097152                                   {product} {ergonomic}
   size_t InitialHeapSize                          = 266338304                                 {product} {ergonomic}
   size_t MarkStackSize                            = 4194304                                   {product} {ergonomic}
   size_t MarkStackSizeMax                         = 536870912                                 {product} {ergonomic}
   size_t MaxHeapSize                              = 4253024256                                {product} {ergonomic}
   size_t MaxNewSize                               = 2550136832                                {product} {ergonomic}
   size_t MinHeapDeltaBytes                        = 2097152                                   {product} {ergonomic}
   size_t MinHeapSize                              = 8388608                                   {product} {ergonomic}
    uintx NonNMethodCodeHeapSize                   = 5832704                                {pd product} {ergonomic}
    uintx NonProfiledCodeHeapSize                  = 122945536                              {pd product} {ergonomic}
    uintx ProfiledCodeHeapSize                     = 122880000                              {pd product} {ergonomic}
    uintx ReservedCodeCacheSize                    = 251658240                              {pd product} {ergonomic}
     bool SegmentedCodeCache                       = true                                      {product} {ergonomic}
   size_t SoftMaxHeapSize                          = 4253024256                             {manageable} {ergonomic}
     bool UseCompressedOops                        = true                           {product lp64_product} {ergonomic}
     bool UseG1GC                                  = true                                      {product} {ergonomic}
     bool UseLargePagesIndividualAllocation        = false                                  {pd product} {ergonomic}

Logging:
Log output configuration:
 #0: stdout all=off uptime,level,tags foldmultilines=false
 #1: stderr all=off uptime,level,tags foldmultilines=false

Environment Variables:
PATH=C:\Program Files\Common Files\Oracle\Java\javapath;C:\Program Files (x86)\Intel\iCLS Client\;C:\Program Files\Intel\iCLS Client\;C:\WINDOWS\system32;C:\WINDOWS;C:\WINDOWS\System32\Wbem;C:\WINDOWS\System32\WindowsPowerShell\v1.0\;C:\Program Files (x86)\Intel\UCRT\;C:\Program Files\Intel\UCRT\;C:\Program Files (x86)\Intel\Intel(R) Management Engine Components\DAL;C:\Program Files\Intel\Intel(R) Management Engine Components\DAL;C:\Program Files (x86)\Intel\Intel(R) Management Engine Components\IPT;C:\Program Files\Intel\Intel(R) Management Engine Components\IPT;C:\WINDOWS\System32\OpenSSH\;C:\Program Files\Git\cmd;C:\Program Files\dotnet\;C:\Program Files\MySQL\MySQL Shell 8.0\bin\;C:\Users\alyona\AppData\Local\Microsoft\WindowsApps;C:\Users\alyona\AppData\Local\Programs\Microsoft VS Code\bin;C:\ghcup\bin
USERNAME=alyona
OS=Windows_NT
PROCESSOR_IDENTIFIER=Intel64 Family 6 Model 60 Stepping 3, GenuineIntel
TMP=C:\Users\alyona\AppData\Local\Temp
TEMP=C:\Users\alyona\AppData\Local\Temp




Periodic native trim disabled

---------------  S Y S T E M  ---------------

OS:
 Windows 10 , 64 bit Build 19041 (10.0.19041.5198)
OS uptime: 0 days 1:17 hours

CPU: total 4 (initial active 4) (4 cores per cpu, 1 threads per core) family 6 model 60 stepping 3 microcode 0x27, cx8, cmov, fxsr, mmx, sse, sse2, sse3, ssse3, sse4.1, sse4.2, popcnt, lzcnt, tsc, tscinvbit, avx, avx2, aes, erms, clmul, bmi1, bmi2, fma, vzeroupper, clflush, rdtscp, f16c
Processor Information for the first 4 processors :
  Max Mhz: 3501, Current Mhz: 3501, Mhz Limit: 3501

Memory: 4k page, system-wide physical 16223M (2912M free)
TotalPageFile size 32607M (AvailPageFile size 15414M)
current process WorkingSet (physical memory assigned to process): 237M, peak: 270M
current process commit charge ("private bytes"): 294M, peak: 422M

vm_info: OpenJDK 64-Bit Server VM (23.0.1+11-39) for windows-amd64 JRE (23.0.1+11-39), built on 2024-09-30T07:20:43Z with MS VC++ 17.6 (VS2022)

END.
